2025-12-29 16:04:18,423 - [3.0.0] Starting pipeline: es_pipeline
2025-12-29 16:04:18,423 - [3.0.0] Date: 2025-12-16
2025-12-29 16:04:18,423 - [3.0.0] Stages: 18
2025-12-29 16:04:18,423 - [3.0.0] Checkpointing enabled: data/checkpoints
2025-12-29 16:04:18,423 - [3.0.0] Resuming from stage 16
2025-12-29 16:04:18,423 - Loading checkpoint from stage 15: filter_rth
2025-12-29 16:04:19,817 - [3.0.0] Will stop after stage 16
2025-12-29 16:04:19,817 - [3.0.0] (17/18) Running: materialize_state_table
2025-12-29 16:04:19,817 -   Materializing state table (30s cadence) for 2025-12-16...
2025-12-29 16:04:19,829 - [3.0.0] Stage 'materialize_state_table' failed: 'timestamp'
Traceback (most recent call last):
  File "/Users/loganrobbins/research/qmachina/spymaster/backend/.venv/lib/python3.12/site-packages/pandas/core/indexes/base.py", line 3812, in get_loc
    return self._engine.get_loc(casted_key)
           ^^^^^^^^^^^^^^^^^^^^^^^^^^^^^^^^
  File "pandas/_libs/index.pyx", line 167, in pandas._libs.index.IndexEngine.get_loc
  File "pandas/_libs/index.pyx", line 196, in pandas._libs.index.IndexEngine.get_loc
  File "pandas/_libs/hashtable_class_helper.pxi", line 7088, in pandas._libs.hashtable.PyObjectHashTable.get_item
  File "pandas/_libs/hashtable_class_helper.pxi", line 7096, in pandas._libs.hashtable.PyObjectHashTable.get_item
KeyError: 'timestamp'

The above exception was the direct cause of the following exception:

Traceback (most recent call last):
  File "/Users/loganrobbins/research/qmachina/spymaster/backend/scripts/run_pipeline_incremental.py", line 223, in main
    signals_df = pipeline.run(
                 ^^^^^^^^^^^^^
  File "/Users/loganrobbins/research/qmachina/spymaster/backend/src/pipeline/core/pipeline.py", line 141, in run
    ctx = stage.run(ctx)
          ^^^^^^^^^^^^^^
  File "/Users/loganrobbins/research/qmachina/spymaster/backend/src/pipeline/core/stage.py", line 65, in run
    outputs = self.execute(ctx)
              ^^^^^^^^^^^^^^^^^
  File "/Users/loganrobbins/research/qmachina/spymaster/backend/src/pipeline/stages/materialize_state_table.py", line 257, in execute
    state_df = materialize_state_table(
               ^^^^^^^^^^^^^^^^^^^^^^^^
  File "/Users/loganrobbins/research/qmachina/spymaster/backend/src/pipeline/stages/materialize_state_table.py", line 101, in materialize_state_table
    ts = row['timestamp']
         ~~~^^^^^^^^^^^^^
  File "/Users/loganrobbins/research/qmachina/spymaster/backend/.venv/lib/python3.12/site-packages/pandas/core/series.py", line 1133, in __getitem__
    return self._get_value(key)
           ^^^^^^^^^^^^^^^^^^^^
  File "/Users/loganrobbins/research/qmachina/spymaster/backend/.venv/lib/python3.12/site-packages/pandas/core/series.py", line 1249, in _get_value
    loc = self.index.get_loc(label)
          ^^^^^^^^^^^^^^^^^^^^^^^^^
  File "/Users/loganrobbins/research/qmachina/spymaster/backend/.venv/lib/python3.12/site-packages/pandas/core/indexes/base.py", line 3819, in get_loc
    raise KeyError(key) from err
KeyError: 'timestamp'
Running ES pipeline for 2025-12-16
Checkpoints: data/checkpoints
Resuming from stage: 16
Stopping at stage: 16


Pipeline failed: 'timestamp'
